<?xml version="1.0" encoding="utf-8" standalone="no"?>
<!--This file represents the results of running a test suite-->
<test-results name="C:\SVN\global\trunk\libs\geoip\geoip-api-csharp2\branches\add-tests\Build\..\geoip-api-csharp2.tests\bin\Release\geoip-api-csharp2.tests.dll" total="14" errors="0" failures="0" not-run="0" inconclusive="0" ignored="0" skipped="0" invalid="0" date="2013-12-10" time="15:39:27">
  <environment nunit-version="2.5.7.10213" clr-version="2.0.50727.5472" os-version="Microsoft Windows NT 6.1.7601 Service Pack 1" platform="Win32NT" cwd="C:\SVN\global\trunk\libs\geoip\geoip-api-csharp2\branches\add-tests\Build" machine-name="ARNTB0120" user="nlobo" user-domain="ARSAT" />
  <culture-info current-culture="es-AR" current-uiculture="es-ES" />
  <test-suite type="Assembly" name="C:\SVN\global\trunk\libs\geoip\geoip-api-csharp2\branches\add-tests\Build\..\geoip-api-csharp2.tests\bin\Release\geoip-api-csharp2.tests.dll" executed="True" result="Success" success="True" time="0.731" asserts="0">
    <results>
      <test-suite type="Namespace" name="geoip_api_csharp2" executed="True" result="Success" success="True" time="0.720" asserts="0">
        <results>
          <test-suite type="Namespace" name="tests" executed="True" result="Success" success="True" time="0.719" asserts="0">
            <results>
              <test-suite type="TestFixture" name="CityTestsIpV4" executed="True" result="Success" success="True" time="0.635" asserts="0">
                <results>
                  <test-case name="geoip_api_csharp2.tests.CityTestsIpV4.FindCityCacheDbIp" executed="True" result="Success" success="True" time="0.612" asserts="5" />
                  <test-case name="geoip_api_csharp2.tests.CityTestsIpV4.FindCityDbAccessIp" executed="True" result="Success" success="True" time="0.003" asserts="5" />
                  <test-case name="geoip_api_csharp2.tests.CityTestsIpV4.UnknownCityReturnsNullNotFailing" executed="True" result="Success" success="True" time="0.001" asserts="1" />
                </results>
              </test-suite>
              <test-suite type="TestFixture" name="CityTestsIpV6" executed="True" result="Success" success="True" time="0.026" asserts="0">
                <results>
                  <test-case name="geoip_api_csharp2.tests.CityTestsIpV6.FindCityCacheDbIp" executed="True" result="Success" success="True" time="0.023" asserts="5" />
                  <test-case name="geoip_api_csharp2.tests.CityTestsIpV6.FindCityDbAccessIp" executed="True" result="Success" success="True" time="0.002" asserts="5" />
                </results>
              </test-suite>
              <test-suite type="TestFixture" name="CountryTestsIpV4" executed="True" result="Success" success="True" time="0.023" asserts="0">
                <results>
                  <test-case name="geoip_api_csharp2.tests.CountryTestsIpV4.FindCityDbAccessIp" executed="True" result="Success" success="True" time="0.003" asserts="3" />
                  <test-case name="geoip_api_csharp2.tests.CountryTestsIpV4.FindRegionCacheDbIp" executed="True" result="Success" success="True" time="0.012" asserts="3" />
                  <test-case name="geoip_api_csharp2.tests.CountryTestsIpV4.UnknownCityReturnsUknownNotFailing" executed="True" result="Success" success="True" time="0.004" asserts="3" />
                </results>
              </test-suite>
              <test-suite type="TestFixture" name="CountryTestsIpV6" executed="True" result="Success" success="True" time="0.019" asserts="0">
                <results>
                  <test-case name="geoip_api_csharp2.tests.CountryTestsIpV6.FindCityDbAccessIp" executed="True" result="Success" success="True" time="0.004" asserts="3" />
                  <test-case name="geoip_api_csharp2.tests.CountryTestsIpV6.FindRegionCacheDbIp" executed="True" result="Success" success="True" time="0.012" asserts="3" />
                  <test-case name="geoip_api_csharp2.tests.CountryTestsIpV6.UnknownCityReturnsUknownNotFailing" executed="True" result="Success" success="True" time="0.002" asserts="3" />
                </results>
              </test-suite>
              <test-suite type="TestFixture" name="RegionTestsIpV4" executed="True" result="Success" success="True" time="0.010" asserts="0">
                <results>
                  <test-case name="geoip_api_csharp2.tests.RegionTestsIpV4.FindCityDbAccessIp" executed="True" result="Success" success="True" time="0.005" asserts="1" />
                  <test-case name="geoip_api_csharp2.tests.RegionTestsIpV4.FindRegionCacheDbIp" executed="True" result="Success" success="True" time="0.002" asserts="1" />
                  <test-case name="geoip_api_csharp2.tests.RegionTestsIpV4.UnknownCityReturnsNullNotFailing" executed="True" result="Success" success="True" time="0.002" asserts="1" />
                </results>
              </test-suite>
            </results>
          </test-suite>
        </results>
      </test-suite>
    </results>
  </test-suite>
</test-results>